{
  "RSpec": {
    "coverage": {
      "/home/sean/Desktop/nextacademy/week6/pairbnb/spec/controllers/listings_controller_spec.rb": [
        1,
        null,
        1,
        null,
        17,
        7,
        1,
        null,
        null,
        null,
        null,
        null,
        null,
        null,
        12,
        null,
        1,
        null,
        null,
        null,
        null,
        null,
        null,
        null,
        2,
        null,
        1,
        null,
        null,
        null,
        null,
        null,
        null,
        1,
        null,
        1,
        1,
        1,
        3,
        3,
        null,
        null,
        1,
        1,
        null,
        null,
        1,
        1,
        null,
        null,
        1,
        1,
        null,
        null,
        null,
        1,
        1,
        2,
        2,
        null,
        null,
        1,
        1,
        null,
        null,
        1,
        1,
        null,
        null,
        null,
        null,
        1,
        1,
        3,
        null,
        null,
        null,
        1,
        1,
        2,
        null,
        null,
        1,
        1,
        1,
        null,
        null,
        null,
        null,
        1,
        1,
        1,
        1,
        null,
        null,
        1,
        1,
        null,
        null,
        null,
        null,
        1,
        1,
        1,
        2,
        2,
        2,
        null,
        null,
        1,
        1,
        null,
        null,
        1,
        1,
        null,
        null,
        null,
        1,
        1,
        2,
        2,
        2,
        null,
        null,
        1,
        1,
        null,
        null,
        1,
        1,
        null,
        null,
        null,
        null,
        1,
        1,
        2,
        null,
        null,
        null,
        1,
        1,
        1,
        1,
        1,
        1,
        null,
        null,
        1,
        1,
        1,
        1,
        1,
        null,
        null,
        null,
        null,
        1,
        1,
        1,
        2,
        null,
        null,
        1,
        1,
        2,
        null,
        null,
        1,
        1,
        1,
        1,
        null,
        null,
        null,
        1,
        1,
        2,
        2,
        2,
        null,
        null,
        1,
        1,
        null,
        null,
        1,
        1,
        null,
        null,
        null,
        null
      ],
      "/home/sean/Desktop/nextacademy/week6/pairbnb/spec/rails_helper.rb": [
        null,
        1,
        1,
        null,
        1,
        1,
        1,
        1,
        null,
        null,
        null,
        null,
        null,
        null,
        null,
        null,
        null,
        null,
        null,
        null,
        null,
        null,
        null,
        null,
        null,
        null,
        null,
        1,
        null,
        1,
        null,
        1,
        null,
        null,
        null,
        null,
        1,
        null,
        null,
        null,
        null,
        null,
        null,
        null,
        null,
        null,
        null,
        null,
        null,
        null,
        null,
        1,
        null,
        null,
        1,
        null,
        null,
        null,
        null,
        1,
        1,
        null,
        1,
        null,
        null,
        null,
        1,
        1,
        1,
        null,
        1,
        null,
        null
      ],
      "/home/sean/Desktop/nextacademy/week6/pairbnb/config/environment.rb": [
        null,
        1,
        null,
        null,
        1,
        1
      ],
      "/home/sean/Desktop/nextacademy/week6/pairbnb/config/application.rb": [
        1,
        null,
        1,
        null,
        1,
        null,
        null,
        1,
        null,
        1,
        1,
        null,
        null,
        null,
        null,
        null,
        null,
        null,
        null,
        null,
        null,
        null,
        null,
        null,
        1,
        1,
        1,
        null,
        null
      ],
      "/home/sean/Desktop/nextacademy/week6/pairbnb/config/boot.rb": [
        1,
        null,
        1
      ],
      "/home/sean/Desktop/nextacademy/week6/pairbnb/config/environments/test.rb": [
        1,
        null,
        null,
        null,
        null,
        null,
        null,
        1,
        null,
        null,
        null,
        null,
        1,
        null,
        null,
        1,
        1,
        null,
        null,
        1,
        1,
        null,
        null,
        1,
        null,
        null,
        1,
        null,
        null,
        null,
        null,
        1,
        null,
        null,
        1,
        null,
        null,
        1,
        null,
        null,
        null,
        null,
        1,
        null,
        1,
        1,
        null,
        null,
        null,
        null,
        null,
        null,
        null,
        null
      ],
      "/home/sean/Desktop/nextacademy/week6/pairbnb/config/initializers/assets.rb": [
        null,
        null,
        null,
        1,
        null,
        null,
        null,
        null,
        null,
        null,
        null
      ],
      "/home/sean/Desktop/nextacademy/week6/pairbnb/config/initializers/backtrace_silencers.rb": [
        null,
        null,
        null,
        null,
        null,
        null,
        null
      ],
      "/home/sean/Desktop/nextacademy/week6/pairbnb/config/initializers/braintree.rb": [
        1,
        1,
        1,
        1
      ],
      "/home/sean/Desktop/nextacademy/week6/pairbnb/config/initializers/clearance.rb": [
        1,
        1,
        1,
        1,
        1,
        1,
        1,
        1,
        1,
        1,
        1,
        1,
        1,
        1,
        null
      ],
      "/home/sean/Desktop/nextacademy/week6/pairbnb/app/models/user.rb": [
        1,
        1,
        1,
        1,
        1,
        1,
        null,
        1,
        1,
        null,
        1,
        0,
        0,
        0,
        0,
        0,
        0,
        null,
        null,
        null,
        1,
        0,
        0,
        null,
        null,
        1,
        42,
        null,
        null,
        1,
        null
      ],
      "/home/sean/Desktop/nextacademy/week6/pairbnb/app/uploaders/avatar_uploader.rb": [
        1,
        1,
        1,
        1,
        null,
        null,
        null,
        1,
        null,
        null,
        null,
        1,
        null,
        null,
        null,
        1,
        0,
        null,
        null,
        1,
        1,
        null,
        null,
        null,
        null,
        null,
        null,
        null,
        null,
        null,
        null,
        null,
        null,
        null,
        null,
        null,
        null,
        null,
        null,
        null,
        null,
        null,
        null,
        null,
        null,
        1,
        0,
        null,
        null,
        null,
        null,
        null,
        null,
        null,
        null,
        null
      ],
      "/home/sean/Desktop/nextacademy/week6/pairbnb/config/initializers/cookies_serializer.rb": [
        null,
        null,
        1
      ],
      "/home/sean/Desktop/nextacademy/week6/pairbnb/config/initializers/filter_parameter_logging.rb": [
        null,
        null,
        null,
        1
      ],
      "/home/sean/Desktop/nextacademy/week6/pairbnb/config/initializers/inflections.rb": [
        null,
        null,
        null,
        null,
        null,
        null,
        null,
        null,
        null,
        null,
        null,
        null,
        null,
        null,
        null,
        null
      ],
      "/home/sean/Desktop/nextacademy/week6/pairbnb/config/initializers/mime_types.rb": [
        null,
        null,
        null,
        null
      ],
      "/home/sean/Desktop/nextacademy/week6/pairbnb/config/initializers/omniauth.rb": [
        1,
        1,
        null
      ],
      "/home/sean/Desktop/nextacademy/week6/pairbnb/config/initializers/s3.rb": [
        1,
        1,
        1,
        1,
        1,
        null,
        null,
        null,
        null,
        null,
        null,
        1,
        null
      ],
      "/home/sean/Desktop/nextacademy/week6/pairbnb/config/initializers/session_store.rb": [
        null,
        null,
        1
      ],
      "/home/sean/Desktop/nextacademy/week6/pairbnb/config/initializers/wrap_parameters.rb": [
        null,
        null,
        null,
        null,
        null,
        null,
        1,
        1,
        null,
        null,
        null,
        null,
        null,
        null
      ],
      "/home/sean/Desktop/nextacademy/week6/pairbnb/config/routes.rb": [
        1,
        1,
        1,
        1,
        null,
        1,
        1,
        null,
        1,
        null,
        1,
        null,
        1,
        null,
        1,
        1,
        1,
        null,
        null,
        null,
        1,
        null,
        1,
        null,
        null,
        null,
        1,
        null,
        null,
        null,
        1,
        null,
        null,
        null,
        null,
        null,
        null,
        null,
        null,
        null,
        null,
        null,
        null,
        null,
        null,
        null,
        null,
        null,
        null,
        null,
        null,
        null,
        null,
        null,
        null,
        null,
        null,
        null,
        null,
        null,
        null,
        null,
        null,
        null,
        null,
        null,
        null,
        null,
        null,
        null,
        null,
        null,
        null,
        null,
        null,
        null,
        null,
        null,
        null,
        null,
        null,
        null,
        null,
        null,
        null,
        null,
        null,
        null,
        null,
        null,
        null
      ],
      "/home/sean/Desktop/nextacademy/week6/pairbnb/app/helpers/application_helper.rb": [
        1,
        null
      ],
      "/home/sean/Desktop/nextacademy/week6/pairbnb/app/helpers/listings_helper.rb": [
        1,
        1,
        0,
        null,
        null
      ],
      "/home/sean/Desktop/nextacademy/week6/pairbnb/app/helpers/payments_helper.rb": [
        1,
        null
      ],
      "/home/sean/Desktop/nextacademy/week6/pairbnb/app/helpers/reservations_helper.rb": [
        1,
        null
      ],
      "/home/sean/Desktop/nextacademy/week6/pairbnb/app/helpers/user_helper.rb": [
        1,
        null
      ],
      "/home/sean/Desktop/nextacademy/week6/pairbnb/app/helpers/welcome_helper.rb": [
        1,
        null
      ],
      "/home/sean/Desktop/nextacademy/week6/pairbnb/app/controllers/listings_controller.rb": [
        1,
        1,
        null,
        1,
        18,
        0,
        0,
        null,
        null,
        null,
        1,
        0,
        0,
        0,
        null,
        null,
        0,
        null,
        0,
        0,
        null,
        0,
        null,
        null,
        null,
        1,
        0,
        0,
        null,
        null,
        1,
        5,
        5,
        2,
        2,
        null,
        null,
        null,
        1,
        3,
        3,
        3,
        null,
        3,
        2,
        null,
        1,
        null,
        null,
        null,
        1,
        0,
        null,
        null,
        1,
        4,
        4,
        2,
        2,
        null,
        null,
        null,
        1,
        2,
        null,
        2,
        2,
        null,
        0,
        null,
        null,
        null,
        1,
        4,
        4,
        2,
        2,
        null,
        2,
        2,
        null,
        null,
        null,
        1,
        1,
        5,
        null,
        null,
        1,
        0,
        null,
        null
      ],
      "/home/sean/Desktop/nextacademy/week6/pairbnb/app/controllers/application_controller.rb": [
        1,
        1,
        null,
        null,
        1,
        null
      ],
      "/home/sean/Desktop/nextacademy/week6/pairbnb/spec/controllers/users_controller_spec.rb": [
        1,
        1,
        null,
        1,
        null,
        3,
        2,
        1,
        null,
        1,
        1,
        3,
        null,
        null,
        1,
        1,
        null,
        null,
        1,
        1,
        null,
        null,
        1,
        1,
        null,
        null,
        null,
        1,
        null,
        1,
        1,
        1,
        null,
        1,
        null,
        1,
        1,
        1,
        null,
        null,
        1,
        1,
        1,
        null,
        null,
        null,
        1,
        1,
        1,
        null,
        null,
        1,
        1,
        null,
        null,
        null,
        null
      ],
      "/home/sean/Desktop/nextacademy/week6/pairbnb/app/controllers/users_controller.rb": [
        1,
        null,
        1,
        3,
        3,
        null,
        null,
        1,
        null,
        null,
        1,
        3,
        3,
        3,
        2,
        4,
        null,
        1,
        1,
        null,
        null,
        null,
        null,
        1,
        0,
        null,
        null,
        1,
        0,
        null,
        null,
        1,
        0,
        0,
        null,
        0,
        null,
        null,
        1,
        1,
        9,
        null,
        null,
        1,
        3,
        3,
        3,
        null,
        3,
        3,
        3,
        3,
        null,
        3,
        null,
        null
      ],
      "/home/sean/Desktop/nextacademy/week6/pairbnb/spec/models/listing_spec.rb": [
        1,
        null,
        1,
        1,
        1,
        1,
        1,
        1,
        1,
        1,
        1,
        1,
        1,
        1,
        1,
        null,
        null,
        1,
        2,
        2,
        2,
        2,
        2,
        2,
        2,
        null,
        null,
        null,
        1,
        2,
        2,
        null,
        null
      ],
      "/home/sean/Desktop/nextacademy/week6/pairbnb/app/models/listing.rb": [
        1,
        1,
        1,
        1,
        1,
        1,
        1,
        1,
        1,
        1,
        1,
        1,
        1,
        null,
        1,
        1,
        1,
        1,
        1,
        1,
        1,
        1,
        null,
        null
      ],
      "/home/sean/Desktop/nextacademy/week6/pairbnb/app/uploaders/pictures_uploader.rb": [
        1,
        1,
        1,
        1,
        null,
        null,
        null,
        1,
        null,
        null,
        null,
        1,
        null,
        null,
        null,
        1,
        0,
        null,
        null,
        1,
        1,
        null,
        null,
        null,
        null,
        null,
        null,
        null,
        null,
        null,
        null,
        null,
        null,
        null,
        null,
        null,
        null,
        null,
        null,
        null,
        null,
        null,
        null,
        null,
        null,
        null,
        1,
        0,
        null,
        null,
        null,
        null,
        null,
        null,
        null,
        null,
        null
      ],
      "/home/sean/Desktop/nextacademy/week6/pairbnb/spec/models/user_spec.rb": [
        1,
        null,
        1,
        null,
        3,
        3,
        3,
        3,
        null,
        1,
        null,
        1,
        null,
        1,
        1,
        null,
        null,
        1,
        1,
        1,
        1,
        null,
        null,
        null,
        null,
        1,
        null,
        1,
        null,
        1,
        1,
        1,
        null,
        null,
        1,
        1,
        1,
        null,
        null,
        1,
        1,
        1,
        null,
        null,
        1,
        1,
        1,
        null,
        null,
        1,
        1,
        1,
        1,
        null,
        null,
        1,
        1,
        1,
        null,
        null,
        null,
        null,
        1,
        3,
        3,
        3,
        3,
        null,
        1,
        null,
        3,
        null,
        null,
        null,
        null,
        null,
        null,
        null,
        null,
        null,
        3,
        null,
        null,
        null,
        null,
        null,
        null,
        null,
        null,
        null,
        1,
        1,
        1,
        1,
        null,
        null,
        1,
        1,
        1,
        4,
        null,
        null,
        null,
        1,
        2,
        null,
        null,
        null
      ],
      "/home/sean/Desktop/nextacademy/week6/pairbnb/app/models/reservation.rb": [
        1,
        1,
        1,
        1,
        1,
        null,
        1,
        null,
        1,
        0,
        0,
        null,
        null,
        null,
        1,
        0,
        null,
        null,
        1,
        0,
        null,
        null,
        1,
        0,
        null,
        null,
        1,
        0,
        0,
        0,
        0,
        0,
        null,
        null,
        0,
        null,
        null,
        null,
        null,
        null
      ],
      "/home/sean/Desktop/nextacademy/week6/pairbnb/app/models/authentication.rb": [
        1,
        null,
        1,
        null,
        1,
        0,
        0,
        0,
        0,
        null,
        null,
        null,
        1,
        0,
        0,
        null,
        null,
        null
      ]
    },
    "timestamp": 1481014952
  }
}
